<?xml version="1.0" encoding="UTF-8"?>
<!-- Generated by org.testng.reporters.JUnitReportReporter -->
<testsuite hostname="N-5CG72665JY" failures="0" tests="1" name="io.vlabs.weather.TestWeatherAPI2" time="3.223" errors="0" timestamp="2020-03-02T19:22:00 IST" skipped="0">
  <testcase classname="io.vlabs.weather.TestWeatherAPI2" name="checkConnection" time="3.223"/>
  <system-out/>
</testsuite> <!-- io.vlabs.weather.TestWeatherAPI2 -->
