<?xml version="1.0" encoding="UTF-8"?>
<!-- Generated by org.testng.reporters.JUnitReportReporter -->
<testsuite hostname="N-5CG72665JY" failures="0" tests="1" name="io.vlabs.weather.TestWeatherAPI" time="2.770" errors="0" timestamp="2020-03-02T18:41:41 IST" skipped="0">
  <testcase classname="io.vlabs.weather.TestWeatherAPI" name="checkConnection" time="2.770"/>
  <system-out/>
</testsuite> <!-- io.vlabs.weather.TestWeatherAPI -->
