<?xml version="1.0" encoding="UTF-8"?>
<!-- Generated by org.testng.reporters.JUnitReportReporter -->
<testsuite hostname="N-5CG72665JY" failures="0" tests="1" name="io.vlabs.weather.Test_Post_Request" time="3.565" errors="0" timestamp="2020-03-02T19:09:34 IST" skipped="0">
  <testcase classname="io.vlabs.weather.Test_Post_Request" name="testPort" time="3.565"/>
  <system-out/>
</testsuite> <!-- io.vlabs.weather.Test_Post_Request -->
